1576550619446	mozrunner::runner	INFO	Running command: "/usr/bin/firefox" "-marionette" "-foreground" "-no-remote" "-profile" "/tmp/rust_mozprofileHzekN8"
1576550619781	addons.webextension.screenshots@mozilla.org	WARN	Loading extension 'screenshots@mozilla.org': Reading manifest: Invalid extension permission: mozillaAddons
1576550619781	addons.webextension.screenshots@mozilla.org	WARN	Loading extension 'screenshots@mozilla.org': Reading manifest: Invalid extension permission: telemetry
1576550619781	addons.webextension.screenshots@mozilla.org	WARN	Loading extension 'screenshots@mozilla.org': Reading manifest: Invalid extension permission: resource://pdf.js/
1576550619781	addons.webextension.screenshots@mozilla.org	WARN	Loading extension 'screenshots@mozilla.org': Reading manifest: Invalid extension permission: about:reader*
1576550621030	Marionette	INFO	Listening on port 46371
1576550621060	Marionette	WARN	TLS certificate errors will be ignored for this session
JavaScript error: https://cap.banq.qc.ca/main.e14e2afa383e2d5df501.js, line 189: Error: required module 'WrappedSelection' not supported
JavaScript warning: https://cap.banq.qc.ca/_Incapsula_Resource?SWJIYLWA=719d34d31c8e3a6e6fffd425f7e032f3&ns=1&cb=1633912744, line 1: unreachable code after return statement
JavaScript warning: https://cap.banq.qc.ca/_Incapsula_Resource?SWJIYLWA=719d34d31c8e3a6e6fffd425f7e032f3&ns=1&cb=1633912744, line 1: unreachable code after return statement
JavaScript warning: https://cap.banq.qc.ca/_Incapsula_Resource?SWJIYLWA=719d34d31c8e3a6e6fffd425f7e032f3&ns=1&cb=1633912744 line 1 > eval, line 1: unreachable code after return statement
console.error: "Error while calling actor 'pagestyle's method 'getApplied'" "node is null"
console.error: "getApplied@resource://devtools/server/actors/styles.js:587:5\nhandler@resource://devtools/shared/protocol/Actor.js:154:37\nonPacket@resource://devtools/server/debugger-server-connection.js:378:58\nreceiveMessage@resource://devtools/shared/transport/child-transport.js:66:16\n"
console.error: "Error while calling actor 'layout's method 'getGrids'" "node is null"
console.error: "getGrids@resource://devtools/server/actors/layout.js:502:26\ngetGrids@resource://devtools/server/actors/layout.js:507:43\nhandler@resource://devtools/shared/protocol/Actor.js:154:37\nonPacket@resource://devtools/server/debugger-server-connection.js:378:58\nreceiveMessage@resource://devtools/shared/transport/child-transport.js:66:16\n"
[Parent 8094, Gecko_IOThread] WARNING: pipe error (76): Connection reset by peer: file /build/firefox-HwDgAI/firefox-71.0+linuxmint2+tricia/ipc/chromium/src/chrome/common/ipc_channel_posix.cc, line 358
[Parent 8094, Gecko_IOThread] WARNING: pipe error (64): Connection reset by peer: file /build/firefox-HwDgAI/firefox-71.0+linuxmint2+tricia/ipc/chromium/src/chrome/common/ipc_channel_posix.cc, line 358
[Parent 8094, Gecko_IOThread] WARNING: pipe error (69): Connection reset by peer: file /build/firefox-HwDgAI/firefox-71.0+linuxmint2+tricia/ipc/chromium/src/chrome/common/ipc_channel_posix.cc, line 358
1576551165392	Marionette	INFO	Stopped listening on port 46371
1576551169718	mozrunner::runner	INFO	Running command: "/usr/bin/firefox" "-marionette" "-foreground" "-no-remote" "-profile" "/tmp/rust_mozprofileKLpunH"
1576551170087	addons.webextension.screenshots@mozilla.org	WARN	Loading extension 'screenshots@mozilla.org': Reading manifest: Invalid extension permission: mozillaAddons
1576551170087	addons.webextension.screenshots@mozilla.org	WARN	Loading extension 'screenshots@mozilla.org': Reading manifest: Invalid extension permission: telemetry
1576551170087	addons.webextension.screenshots@mozilla.org	WARN	Loading extension 'screenshots@mozilla.org': Reading manifest: Invalid extension permission: resource://pdf.js/
1576551170087	addons.webextension.screenshots@mozilla.org	WARN	Loading extension 'screenshots@mozilla.org': Reading manifest: Invalid extension permission: about:reader*
1576551171545	Marionette	INFO	Listening on port 38385
1576551171627	Marionette	WARN	TLS certificate errors will be ignored for this session
JavaScript error: https://cap.banq.qc.ca/main.e14e2afa383e2d5df501.js, line 189: Error: required module 'WrappedSelection' not supported
JavaScript warning: https://cap.banq.qc.ca/_Incapsula_Resource?SWJIYLWA=719d34d31c8e3a6e6fffd425f7e032f3&ns=1&cb=557862652, line 1: unreachable code after return statement
JavaScript warning: https://cap.banq.qc.ca/_Incapsula_Resource?SWJIYLWA=719d34d31c8e3a6e6fffd425f7e032f3&ns=1&cb=557862652, line 1: unreachable code after return statement
JavaScript warning: https://cap.banq.qc.ca/_Incapsula_Resource?SWJIYLWA=719d34d31c8e3a6e6fffd425f7e032f3&ns=1&cb=557862652 line 1 > eval, line 1: unreachable code after return statement
[Parent 9159, Gecko_IOThread] WARNING: pipe error (76): Connection reset by peer: file /build/firefox-HwDgAI/firefox-71.0+linuxmint2+tricia/ipc/chromium/src/chrome/common/ipc_channel_posix.cc, line 358
[Parent 9159, Gecko_IOThread] WARNING: pipe error (107): Connection reset by peer: file /build/firefox-HwDgAI/firefox-71.0+linuxmint2+tricia/ipc/chromium/src/chrome/common/ipc_channel_posix.cc, line 358
1576552285596	Marionette	INFO	Stopped listening on port 38385
1576617001948	mozrunner::runner	INFO	Running command: "/usr/bin/firefox" "-marionette" "-foreground" "-no-remote" "-profile" "/tmp/rust_mozprofilenxeJxO"
1576617002596	addons.webextension.screenshots@mozilla.org	WARN	Loading extension 'screenshots@mozilla.org': Reading manifest: Invalid extension permission: mozillaAddons
1576617002596	addons.webextension.screenshots@mozilla.org	WARN	Loading extension 'screenshots@mozilla.org': Reading manifest: Invalid extension permission: telemetry
1576617002596	addons.webextension.screenshots@mozilla.org	WARN	Loading extension 'screenshots@mozilla.org': Reading manifest: Invalid extension permission: resource://pdf.js/
1576617002596	addons.webextension.screenshots@mozilla.org	WARN	Loading extension 'screenshots@mozilla.org': Reading manifest: Invalid extension permission: about:reader*
1576617004105	Marionette	INFO	Listening on port 34757
1576617004153	Marionette	WARN	TLS certificate errors will be ignored for this session
JavaScript error: https://cap.banq.qc.ca/main.e14e2afa383e2d5df501.js, line 189: Error: required module 'WrappedSelection' not supported
JavaScript warning: https://cap.banq.qc.ca/_Incapsula_Resource?SWJIYLWA=719d34d31c8e3a6e6fffd425f7e032f3&ns=1&cb=2026165407, line 1: unreachable code after return statement
JavaScript warning: https://cap.banq.qc.ca/_Incapsula_Resource?SWJIYLWA=719d34d31c8e3a6e6fffd425f7e032f3&ns=1&cb=2026165407 line 1 > eval, line 1: unreachable code after return statement
1576617071164	mozrunner::runner	INFO	Running command: "/usr/bin/firefox" "-marionette" "-foreground" "-no-remote" "-profile" "/tmp/rust_mozprofiley2KcV3"
1576617071584	addons.webextension.screenshots@mozilla.org	WARN	Loading extension 'screenshots@mozilla.org': Reading manifest: Invalid extension permission: mozillaAddons
1576617071584	addons.webextension.screenshots@mozilla.org	WARN	Loading extension 'screenshots@mozilla.org': Reading manifest: Invalid extension permission: telemetry
1576617071584	addons.webextension.screenshots@mozilla.org	WARN	Loading extension 'screenshots@mozilla.org': Reading manifest: Invalid extension permission: resource://pdf.js/
1576617071584	addons.webextension.screenshots@mozilla.org	WARN	Loading extension 'screenshots@mozilla.org': Reading manifest: Invalid extension permission: about:reader*
1576617073114	Marionette	INFO	Listening on port 35947
1576617073170	Marionette	WARN	TLS certificate errors will be ignored for this session
JavaScript error: https://cap.banq.qc.ca/main.e14e2afa383e2d5df501.js, line 189: Error: required module 'WrappedSelection' not supported
JavaScript warning: https://cap.banq.qc.ca/_Incapsula_Resource?SWJIYLWA=719d34d31c8e3a6e6fffd425f7e032f3&ns=1&cb=1453289230, line 1: unreachable code after return statement
JavaScript warning: https://cap.banq.qc.ca/_Incapsula_Resource?SWJIYLWA=719d34d31c8e3a6e6fffd425f7e032f3&ns=1&cb=1453289230 line 1 > eval, line 1: unreachable code after return statement
JavaScript error: https://platform.twitter.com/widgets/widget_iframe.69e02060c7c44baddf1b5629549acc0c.html?origin=https%3A%2F%2Fcap.banq.qc.ca, line 12: Error: Network error.
[Parent 12971, Gecko_IOThread] WARNING: pipe error (76): Connection reset by peer: file /build/firefox-HwDgAI/firefox-71.0+linuxmint2+tricia/ipc/chromium/src/chrome/common/ipc_channel_posix.cc, line 358
[Parent 12971, Gecko_IOThread] WARNING: pipe error (90): Connection reset by peer: file /build/firefox-HwDgAI/firefox-71.0+linuxmint2+tricia/ipc/chromium/src/chrome/common/ipc_channel_posix.cc, line 358
1576617348150	Marionette	INFO	Stopped listening on port 35947
[Parent 12384, Gecko_IOThread] WARNING: pipe error (76): Connection reset by peer: file /build/firefox-HwDgAI/firefox-71.0+linuxmint2+tricia/ipc/chromium/src/chrome/common/ipc_channel_posix.cc, line 358
[Parent 12384, Gecko_IOThread] WARNING: pipe error (82): Connection reset by peer: file /build/firefox-HwDgAI/firefox-71.0+linuxmint2+tricia/ipc/chromium/src/chrome/common/ipc_channel_posix.cc, line 358
1576617349741	Marionette	INFO	Stopped listening on port 34757
1576810593280	mozrunner::runner	INFO	Running command: "/usr/bin/firefox" "-marionette" "-foreground" "-no-remote" "-profile" "/tmp/rust_mozprofiletqO5gE"
1576810593605	addons.webextension.screenshots@mozilla.org	WARN	Loading extension 'screenshots@mozilla.org': Reading manifest: Invalid extension permission: mozillaAddons
1576810593605	addons.webextension.screenshots@mozilla.org	WARN	Loading extension 'screenshots@mozilla.org': Reading manifest: Invalid extension permission: telemetry
1576810593605	addons.webextension.screenshots@mozilla.org	WARN	Loading extension 'screenshots@mozilla.org': Reading manifest: Invalid extension permission: resource://pdf.js/
1576810593605	addons.webextension.screenshots@mozilla.org	WARN	Loading extension 'screenshots@mozilla.org': Reading manifest: Invalid extension permission: about:reader*
1576810594871	Marionette	INFO	Listening on port 37945
1576810594886	Marionette	WARN	TLS certificate errors will be ignored for this session
JavaScript error: https://cap.banq.qc.ca/main.e14e2afa383e2d5df501.js, line 189: Error: required module 'WrappedSelection' not supported
JavaScript warning: https://cap.banq.qc.ca/_Incapsula_Resource?SWJIYLWA=719d34d31c8e3a6e6fffd425f7e032f3&ns=1&cb=1918726172, line 1: unreachable code after return statement
JavaScript warning: https://cap.banq.qc.ca/_Incapsula_Resource?SWJIYLWA=719d34d31c8e3a6e6fffd425f7e032f3&ns=1&cb=1918726172, line 1: unreachable code after return statement
JavaScript warning: https://cap.banq.qc.ca/_Incapsula_Resource?SWJIYLWA=719d34d31c8e3a6e6fffd425f7e032f3&ns=1&cb=1918726172 line 1 > eval, line 1: unreachable code after return statement
1576810618158	Marionette	INFO	Stopped listening on port 37945
1576810693766	mozrunner::runner	INFO	Running command: "/usr/bin/firefox" "-marionette" "-foreground" "-no-remote" "-profile" "/tmp/rust_mozprofiledchPJY"
1576810694089	addons.webextension.screenshots@mozilla.org	WARN	Loading extension 'screenshots@mozilla.org': Reading manifest: Invalid extension permission: mozillaAddons
1576810694089	addons.webextension.screenshots@mozilla.org	WARN	Loading extension 'screenshots@mozilla.org': Reading manifest: Invalid extension permission: telemetry
1576810694089	addons.webextension.screenshots@mozilla.org	WARN	Loading extension 'screenshots@mozilla.org': Reading manifest: Invalid extension permission: resource://pdf.js/
1576810694089	addons.webextension.screenshots@mozilla.org	WARN	Loading extension 'screenshots@mozilla.org': Reading manifest: Invalid extension permission: about:reader*
1576810695496	Marionette	INFO	Listening on port 45927
1576810695571	Marionette	WARN	TLS certificate errors will be ignored for this session
JavaScript error: https://cap.banq.qc.ca/main.e14e2afa383e2d5df501.js, line 189: Error: required module 'WrappedSelection' not supported
JavaScript warning: https://cap.banq.qc.ca/_Incapsula_Resource?SWJIYLWA=719d34d31c8e3a6e6fffd425f7e032f3&ns=1&cb=878138377, line 1: unreachable code after return statement
JavaScript warning: https://cap.banq.qc.ca/_Incapsula_Resource?SWJIYLWA=719d34d31c8e3a6e6fffd425f7e032f3&ns=1&cb=878138377, line 1: unreachable code after return statement
JavaScript warning: https://cap.banq.qc.ca/_Incapsula_Resource?SWJIYLWA=719d34d31c8e3a6e6fffd425f7e032f3&ns=1&cb=878138377 line 1 > eval, line 1: unreachable code after return statement
[Parent 5882, Gecko_IOThread] WARNING: pipe error (76): Connection reset by peer: file /build/firefox-HwDgAI/firefox-71.0+linuxmint2+tricia/ipc/chromium/src/chrome/common/ipc_channel_posix.cc, line 358
[Parent 5882, Gecko_IOThread] WARNING: pipe error (90): Connection reset by peer: file /build/firefox-HwDgAI/firefox-71.0+linuxmint2+tricia/ipc/chromium/src/chrome/common/ipc_channel_posix.cc, line 358
1576810749322	Marionette	INFO	Stopped listening on port 45927
1576811263042	mozrunner::runner	INFO	Running command: "/usr/bin/firefox" "-marionette" "-foreground" "-no-remote" "-profile" "/tmp/rust_mozprofileocelkz"
1576811263381	addons.webextension.screenshots@mozilla.org	WARN	Loading extension 'screenshots@mozilla.org': Reading manifest: Invalid extension permission: mozillaAddons
1576811263381	addons.webextension.screenshots@mozilla.org	WARN	Loading extension 'screenshots@mozilla.org': Reading manifest: Invalid extension permission: telemetry
1576811263381	addons.webextension.screenshots@mozilla.org	WARN	Loading extension 'screenshots@mozilla.org': Reading manifest: Invalid extension permission: resource://pdf.js/
1576811263381	addons.webextension.screenshots@mozilla.org	WARN	Loading extension 'screenshots@mozilla.org': Reading manifest: Invalid extension permission: about:reader*
1576811264625	Marionette	INFO	Listening on port 33287
1576811264646	Marionette	WARN	TLS certificate errors will be ignored for this session
JavaScript error: https://cap.banq.qc.ca/main.e14e2afa383e2d5df501.js, line 189: Error: required module 'WrappedSelection' not supported
JavaScript warning: https://cap.banq.qc.ca/_Incapsula_Resource?SWJIYLWA=719d34d31c8e3a6e6fffd425f7e032f3&ns=1&cb=1939874855, line 1: unreachable code after return statement
JavaScript warning: https://cap.banq.qc.ca/_Incapsula_Resource?SWJIYLWA=719d34d31c8e3a6e6fffd425f7e032f3&ns=1&cb=1939874855, line 1: unreachable code after return statement
JavaScript warning: https://cap.banq.qc.ca/_Incapsula_Resource?SWJIYLWA=719d34d31c8e3a6e6fffd425f7e032f3&ns=1&cb=1939874855 line 1 > eval, line 1: unreachable code after return statement
1576811297629	Marionette	INFO	Stopped listening on port 33287
1576811311352	mozrunner::runner	INFO	Running command: "/usr/bin/firefox" "-marionette" "-foreground" "-no-remote" "-profile" "/tmp/rust_mozprofilejWV1Z7"
1576811311680	addons.webextension.screenshots@mozilla.org	WARN	Loading extension 'screenshots@mozilla.org': Reading manifest: Invalid extension permission: mozillaAddons
1576811311680	addons.webextension.screenshots@mozilla.org	WARN	Loading extension 'screenshots@mozilla.org': Reading manifest: Invalid extension permission: telemetry
1576811311680	addons.webextension.screenshots@mozilla.org	WARN	Loading extension 'screenshots@mozilla.org': Reading manifest: Invalid extension permission: resource://pdf.js/
1576811311680	addons.webextension.screenshots@mozilla.org	WARN	Loading extension 'screenshots@mozilla.org': Reading manifest: Invalid extension permission: about:reader*
1576811312952	Marionette	INFO	Listening on port 42963
1576811312963	Marionette	WARN	TLS certificate errors will be ignored for this session
JavaScript error: https://cap.banq.qc.ca/main.e14e2afa383e2d5df501.js, line 189: Error: required module 'WrappedSelection' not supported
JavaScript warning: https://cap.banq.qc.ca/_Incapsula_Resource?SWJIYLWA=719d34d31c8e3a6e6fffd425f7e032f3&ns=1&cb=594454935, line 1: unreachable code after return statement
JavaScript warning: https://cap.banq.qc.ca/_Incapsula_Resource?SWJIYLWA=719d34d31c8e3a6e6fffd425f7e032f3&ns=1&cb=594454935, line 1: unreachable code after return statement
JavaScript warning: https://cap.banq.qc.ca/_Incapsula_Resource?SWJIYLWA=719d34d31c8e3a6e6fffd425f7e032f3&ns=1&cb=594454935 line 1 > eval, line 1: unreachable code after return statement
1576811336132	Marionette	INFO	Stopped listening on port 42963
1576811452488	mozrunner::runner	INFO	Running command: "/usr/bin/firefox" "-marionette" "-foreground" "-no-remote" "-profile" "/tmp/rust_mozprofilexWErFV"
1576811452811	addons.webextension.screenshots@mozilla.org	WARN	Loading extension 'screenshots@mozilla.org': Reading manifest: Invalid extension permission: mozillaAddons
1576811452811	addons.webextension.screenshots@mozilla.org	WARN	Loading extension 'screenshots@mozilla.org': Reading manifest: Invalid extension permission: telemetry
1576811452811	addons.webextension.screenshots@mozilla.org	WARN	Loading extension 'screenshots@mozilla.org': Reading manifest: Invalid extension permission: resource://pdf.js/
1576811452811	addons.webextension.screenshots@mozilla.org	WARN	Loading extension 'screenshots@mozilla.org': Reading manifest: Invalid extension permission: about:reader*
1576811454027	Marionette	INFO	Listening on port 34533
1576811454094	Marionette	WARN	TLS certificate errors will be ignored for this session
JavaScript warning: https://cap.banq.qc.ca/_Incapsula_Resource?SWJIYLWA=719d34d31c8e3a6e6fffd425f7e032f3&ns=1&cb=835266450, line 1: unreachable code after return statement
JavaScript warning: https://cap.banq.qc.ca/_Incapsula_Resource?SWJIYLWA=719d34d31c8e3a6e6fffd425f7e032f3&ns=1&cb=835266450, line 1: unreachable code after return statement
JavaScript warning: https://cap.banq.qc.ca/_Incapsula_Resource?SWJIYLWA=719d34d31c8e3a6e6fffd425f7e032f3&ns=1&cb=835266450 line 1 > eval, line 1: unreachable code after return statement
JavaScript warning: https://cap.banq.qc.ca/_Incapsula_Resource?SWJIYLWA=719d34d31c8e3a6e6fffd425f7e032f3&ns=7&cb=932586179, line 1: unreachable code after return statement
JavaScript warning: https://cap.banq.qc.ca/_Incapsula_Resource?SWJIYLWA=719d34d31c8e3a6e6fffd425f7e032f3&ns=7&cb=932586179, line 1: unreachable code after return statement
JavaScript warning: https://cap.banq.qc.ca/_Incapsula_Resource?SWJIYLWA=719d34d31c8e3a6e6fffd425f7e032f3&ns=7&cb=932586179 line 1 > eval, line 1: unreachable code after return statement
1576812094411	mozrunner::runner	INFO	Running command: "/usr/bin/firefox" "-marionette" "-foreground" "-no-remote" "-profile" "/tmp/rust_mozprofilerZbQm1"
1576812094752	addons.webextension.screenshots@mozilla.org	WARN	Loading extension 'screenshots@mozilla.org': Reading manifest: Invalid extension permission: mozillaAddons
1576812094752	addons.webextension.screenshots@mozilla.org	WARN	Loading extension 'screenshots@mozilla.org': Reading manifest: Invalid extension permission: telemetry
1576812094752	addons.webextension.screenshots@mozilla.org	WARN	Loading extension 'screenshots@mozilla.org': Reading manifest: Invalid extension permission: resource://pdf.js/
1576812094752	addons.webextension.screenshots@mozilla.org	WARN	Loading extension 'screenshots@mozilla.org': Reading manifest: Invalid extension permission: about:reader*
1576812096113	Marionette	INFO	Listening on port 37091
1576812096130	Marionette	WARN	TLS certificate errors will be ignored for this session
JavaScript error: https://cap.banq.qc.ca/main.e14e2afa383e2d5df501.js, line 189: Error: required module 'WrappedSelection' not supported
JavaScript warning: https://cap.banq.qc.ca/_Incapsula_Resource?SWJIYLWA=719d34d31c8e3a6e6fffd425f7e032f3&ns=1&cb=1701899599, line 1: unreachable code after return statement
JavaScript warning: https://cap.banq.qc.ca/_Incapsula_Resource?SWJIYLWA=719d34d31c8e3a6e6fffd425f7e032f3&ns=1&cb=1701899599, line 1: unreachable code after return statement
JavaScript warning: https://cap.banq.qc.ca/_Incapsula_Resource?SWJIYLWA=719d34d31c8e3a6e6fffd425f7e032f3&ns=1&cb=1701899599 line 1 > eval, line 1: unreachable code after return statement
1576812408713	mozrunner::runner	INFO	Running command: "/usr/bin/firefox" "-marionette" "-foreground" "-no-remote" "-profile" "/tmp/rust_mozprofileewVV1R"
1576812409038	addons.webextension.screenshots@mozilla.org	WARN	Loading extension 'screenshots@mozilla.org': Reading manifest: Invalid extension permission: mozillaAddons
1576812409039	addons.webextension.screenshots@mozilla.org	WARN	Loading extension 'screenshots@mozilla.org': Reading manifest: Invalid extension permission: telemetry
1576812409039	addons.webextension.screenshots@mozilla.org	WARN	Loading extension 'screenshots@mozilla.org': Reading manifest: Invalid extension permission: resource://pdf.js/
1576812409039	addons.webextension.screenshots@mozilla.org	WARN	Loading extension 'screenshots@mozilla.org': Reading manifest: Invalid extension permission: about:reader*
1576812410327	Marionette	INFO	Listening on port 36205
1576812410418	Marionette	WARN	TLS certificate errors will be ignored for this session
JavaScript warning: https://cap.banq.qc.ca/_Incapsula_Resource?SWJIYLWA=719d34d31c8e3a6e6fffd425f7e032f3&ns=1&cb=162725843, line 1: unreachable code after return statement
JavaScript warning: https://cap.banq.qc.ca/_Incapsula_Resource?SWJIYLWA=719d34d31c8e3a6e6fffd425f7e032f3&ns=1&cb=162725843, line 1: unreachable code after return statement
JavaScript warning: https://cap.banq.qc.ca/_Incapsula_Resource?SWJIYLWA=719d34d31c8e3a6e6fffd425f7e032f3&ns=1&cb=162725843 line 1 > eval, line 1: unreachable code after return statement
JavaScript warning: https://cap.banq.qc.ca/_Incapsula_Resource?SWJIYLWA=719d34d31c8e3a6e6fffd425f7e032f3&ns=7&cb=2133190296, line 1: unreachable code after return statement
JavaScript warning: https://cap.banq.qc.ca/_Incapsula_Resource?SWJIYLWA=719d34d31c8e3a6e6fffd425f7e032f3&ns=7&cb=2133190296, line 1: unreachable code after return statement
JavaScript warning: https://cap.banq.qc.ca/_Incapsula_Resource?SWJIYLWA=719d34d31c8e3a6e6fffd425f7e032f3&ns=7&cb=2133190296 line 1 > eval, line 1: unreachable code after return statement
JavaScript error: https://platform.twitter.com/widgets/widget_iframe.69e02060c7c44baddf1b5629549acc0c.html?origin=https%3A%2F%2Fcap.banq.qc.ca, line 12: Error: Network error.
[Parent 12810, Gecko_IOThread] WARNING: pipe error (76): Connection reset by peer: file /build/firefox-HwDgAI/firefox-71.0+linuxmint2+tricia/ipc/chromium/src/chrome/common/ipc_channel_posix.cc, line 358
[Parent 12810, Gecko_IOThread] WARNING: pipe error (90): Connection reset by peer: file /build/firefox-HwDgAI/firefox-71.0+linuxmint2+tricia/ipc/chromium/src/chrome/common/ipc_channel_posix.cc, line 358
1576812475107	Marionette	INFO	Stopped listening on port 37091
[Parent 23585, Gecko_IOThread] WARNING: pipe error (79): Connection reset by peer: file /build/firefox-HwDgAI/firefox-71.0+linuxmint2+tricia/ipc/chromium/src/chrome/common/ipc_channel_posix.cc, line 358
[Parent 23585, Gecko_IOThread] WARNING: pipe error (76): Connection reset by peer: file /build/firefox-HwDgAI/firefox-71.0+linuxmint2+tricia/ipc/chromium/src/chrome/common/ipc_channel_posix.cc, line 358
1576812479739	Marionette	INFO	Stopped listening on port 36205
[Parent 7708, Gecko_IOThread] WARNING: pipe error (76): Connection reset by peer: file /build/firefox-HwDgAI/firefox-71.0+linuxmint2+tricia/ipc/chromium/src/chrome/common/ipc_channel_posix.cc, line 358
[Parent 7708, Gecko_IOThread] WARNING: pipe error (90): Connection reset by peer: file /build/firefox-HwDgAI/firefox-71.0+linuxmint2+tricia/ipc/chromium/src/chrome/common/ipc_channel_posix.cc, line 358
1576812484069	Marionette	INFO	Stopped listening on port 34533
1576812489536	mozrunner::runner	INFO	Running command: "/usr/bin/firefox" "-marionette" "-foreground" "-no-remote" "-profile" "/tmp/rust_mozprofilecQTgSl"
1576812489861	addons.webextension.screenshots@mozilla.org	WARN	Loading extension 'screenshots@mozilla.org': Reading manifest: Invalid extension permission: mozillaAddons
1576812489862	addons.webextension.screenshots@mozilla.org	WARN	Loading extension 'screenshots@mozilla.org': Reading manifest: Invalid extension permission: telemetry
1576812489862	addons.webextension.screenshots@mozilla.org	WARN	Loading extension 'screenshots@mozilla.org': Reading manifest: Invalid extension permission: resource://pdf.js/
1576812489862	addons.webextension.screenshots@mozilla.org	WARN	Loading extension 'screenshots@mozilla.org': Reading manifest: Invalid extension permission: about:reader*
1576812491074	Marionette	INFO	Listening on port 43815
1576812491141	Marionette	WARN	TLS certificate errors will be ignored for this session
JavaScript warning: https://cap.banq.qc.ca/_Incapsula_Resource?SWJIYLWA=719d34d31c8e3a6e6fffd425f7e032f3&ns=1&cb=452918475, line 1: unreachable code after return statement
JavaScript warning: https://cap.banq.qc.ca/_Incapsula_Resource?SWJIYLWA=719d34d31c8e3a6e6fffd425f7e032f3&ns=1&cb=452918475, line 1: unreachable code after return statement
JavaScript warning: https://cap.banq.qc.ca/_Incapsula_Resource?SWJIYLWA=719d34d31c8e3a6e6fffd425f7e032f3&ns=1&cb=452918475 line 1 > eval, line 1: unreachable code after return statement
JavaScript warning: https://cap.banq.qc.ca/_Incapsula_Resource?SWJIYLWA=719d34d31c8e3a6e6fffd425f7e032f3&ns=7&cb=733060901, line 1: unreachable code after return statement
JavaScript warning: https://cap.banq.qc.ca/_Incapsula_Resource?SWJIYLWA=719d34d31c8e3a6e6fffd425f7e032f3&ns=7&cb=733060901, line 1: unreachable code after return statement
JavaScript warning: https://cap.banq.qc.ca/_Incapsula_Resource?SWJIYLWA=719d34d31c8e3a6e6fffd425f7e032f3&ns=7&cb=733060901 line 1 > eval, line 1: unreachable code after return statement
JavaScript error: https://platform.twitter.com/widgets/widget_iframe.69e02060c7c44baddf1b5629549acc0c.html?origin=https%3A%2F%2Fcap.banq.qc.ca, line 12: Error: Network error.
JavaScript warning: http://www.banq.qc.ca/_Incapsula_Resource?SWJIYLWA=719d34d31c8e3a6e6fffd425f7e032f3&ns=41&cb=796075663, line 1: unreachable code after return statement
JavaScript warning: http://www.banq.qc.ca/_Incapsula_Resource?SWJIYLWA=719d34d31c8e3a6e6fffd425f7e032f3&ns=41&cb=796075663, line 1: unreachable code after return statement
JavaScript warning: http://www.banq.qc.ca/_Incapsula_Resource?SWJIYLWA=719d34d31c8e3a6e6fffd425f7e032f3&ns=41&cb=796075663 line 1 > eval, line 1: unreachable code after return statement
1576813242050	mozrunner::runner	INFO	Running command: "/usr/bin/firefox" "-marionette" "-foreground" "-no-remote" "-profile" "/tmp/rust_mozprofilevC3Wm5"
1576813242378	addons.webextension.screenshots@mozilla.org	WARN	Loading extension 'screenshots@mozilla.org': Reading manifest: Invalid extension permission: mozillaAddons
1576813242378	addons.webextension.screenshots@mozilla.org	WARN	Loading extension 'screenshots@mozilla.org': Reading manifest: Invalid extension permission: telemetry
1576813242378	addons.webextension.screenshots@mozilla.org	WARN	Loading extension 'screenshots@mozilla.org': Reading manifest: Invalid extension permission: resource://pdf.js/
1576813242378	addons.webextension.screenshots@mozilla.org	WARN	Loading extension 'screenshots@mozilla.org': Reading manifest: Invalid extension permission: about:reader*
1576813243796	Marionette	INFO	Listening on port 34089
1576813243858	Marionette	WARN	TLS certificate errors will be ignored for this session
JavaScript error: https://platform.twitter.com/widgets/widget_iframe.69e02060c7c44baddf1b5629549acc0c.html?origin=https%3A%2F%2Fcap.banq.qc.ca, line 12: Error: Network error.
console.error: "TypeError: nodeFront.walkerFront is null: _onNewSelection@resource://devtools/client/inspector/markup/markup.js:934:7\nemit@resource://devtools/shared/event-emitter.js:190:24\nemit@resource://devtools/shared/event-emitter.js:271:18\nsetNodeFront@resource://devtools/client/framework/selection.js:161:10\nonDetached@resource://devtools/client/inspector/inspector.js:1593:20\nemit@resource://devtools/shared/event-emitter.js:190:24\nemit@resource://devtools/shared/event-emitter.js:271:18\n_onMutations@resource://devtools/client/framework/selection.js:104:12\nemit@resource://devtools/shared/event-emitter.js:190:24\nemit@resource://devtools/shared/event-emitter.js:271:18\ngetMutations/<@resource://devtools/shared/fronts/inspector.js:443:12\n"
TypeError: nodeFront.walkerFront is null: _onNewSelection@resource://devtools/client/inspector/markup/markup.js:934:7
emit@resource://devtools/shared/event-emitter.js:190:24
emit@resource://devtools/shared/event-emitter.js:271:18
setNodeFront@resource://devtools/client/framework/selection.js:161:10
onDetached@resource://devtools/client/inspector/inspector.js:1593:20
emit@resource://devtools/shared/event-emitter.js:190:24
emit@resource://devtools/shared/event-emitter.js:271:18
_onMutations@resource://devtools/client/framework/selection.js:104:12
emit@resource://devtools/shared/event-emitter.js:190:24
emit@resource://devtools/shared/event-emitter.js:271:18
getMutations/<@resource://devtools/shared/fronts/inspector.js:443:12

console.error: "Error: Can not send request 'getUniqueSelector' because front 'domnode' is already destroyed.: generateRequestMethods/</frontProto[name]@resource://devtools/shared/protocol/Front/FrontClassWithSpec.js:29:15\nupdateSelectionCssSelector@resource://devtools/client/inspector/inspector.js:1445:32\nonNewSelection@resource://devtools/client/inspector/inspector.js:1516:10\nemit@resource://devtools/shared/event-emitter.js:190:24\nemit@resource://devtools/shared/event-emitter.js:271:18\nsetNodeFront@resource://devtools/client/framework/selection.js:161:10\nonDetached@resource://devtools/client/inspector/inspector.js:1593:20\nemit@resource://devtools/shared/event-emitter.js:190:24\nemit@resource://devtools/shared/event-emitter.js:271:18\n_onMutations@resource://devtools/client/framework/selection.js:104:12\nemit@resource://devtools/shared/event-emitter.js:190:24\nemit@resource://devtools/shared/event-emitter.js:271:18\ngetMutations/<@resource://devtools/shared/fronts/inspector.js:443:12\n"
Error: Can not send request 'getUniqueSelector' because front 'domnode' is already destroyed.: generateRequestMethods/</frontProto[name]@resource://devtools/shared/protocol/Front/FrontClassWithSpec.js:29:15
updateSelectionCssSelector@resource://devtools/client/inspector/inspector.js:1445:32
onNewSelection@resource://devtools/client/inspector/inspector.js:1516:10
emit@resource://devtools/shared/event-emitter.js:190:24
emit@resource://devtools/shared/event-emitter.js:271:18
setNodeFront@resource://devtools/client/framework/selection.js:161:10
onDetached@resource://devtools/client/inspector/inspector.js:1593:20
emit@resource://devtools/shared/event-emitter.js:190:24
emit@resource://devtools/shared/event-emitter.js:271:18
_onMutations@resource://devtools/client/framework/selection.js:104:12
emit@resource://devtools/shared/event-emitter.js:190:24
emit@resource://devtools/shared/event-emitter.js:271:18
getMutations/<@resource://devtools/shared/fronts/inspector.js:443:12

console.error: (new TypeError("container.node.targetFront is null", "resource://devtools/client/inspector/markup/markup.js", 2242))
console.error: (new TypeError("container.node.targetFront is null", "resource://devtools/client/inspector/markup/markup.js", 2242))
console.error: "TypeError: parent is null: canMutationImpactCurrentStyles@resource://devtools/client/inspector/shared/style-change-tracker.js:83:24\nonMutations@resource://devtools/client/inspector/shared/style-change-tracker.js:100:41\nemit@resource://devtools/shared/event-emitter.js:190:24\nemit@resource://devtools/shared/event-emitter.js:271:18\ngetMutations/<@resource://devtools/shared/fronts/inspector.js:443:12\n"
TypeError: parent is null: canMutationImpactCurrentStyles@resource://devtools/client/inspector/shared/style-change-tracker.js:83:24
onMutations@resource://devtools/client/inspector/shared/style-change-tracker.js:100:41
emit@resource://devtools/shared/event-emitter.js:190:24
emit@resource://devtools/shared/event-emitter.js:271:18
getMutations/<@resource://devtools/shared/fronts/inspector.js:443:12

console.error: "TypeError: parent is null: canMutationImpactCurrentStyles@resource://devtools/client/inspector/shared/style-change-tracker.js:83:24\nonMutations@resource://devtools/client/inspector/shared/style-change-tracker.js:100:41\nemit@resource://devtools/shared/event-emitter.js:190:24\nemit@resource://devtools/shared/event-emitter.js:271:18\ngetMutations/<@resource://devtools/shared/fronts/inspector.js:443:12\n"
TypeError: parent is null: canMutationImpactCurrentStyles@resource://devtools/client/inspector/shared/style-change-tracker.js:83:24
onMutations@resource://devtools/client/inspector/shared/style-change-tracker.js:100:41
emit@resource://devtools/shared/event-emitter.js:190:24
emit@resource://devtools/shared/event-emitter.js:271:18
getMutations/<@resource://devtools/shared/fronts/inspector.js:443:12

console.error: "TypeError: parent is null: canMutationImpactCurrentStyles@resource://devtools/client/inspector/shared/style-change-tracker.js:83:24\nonMutations@resource://devtools/client/inspector/shared/style-change-tracker.js:100:41\nemit@resource://devtools/shared/event-emitter.js:190:24\nemit@resource://devtools/shared/event-emitter.js:271:18\ngetMutations/<@resource://devtools/shared/fronts/inspector.js:443:12\n"
TypeError: parent is null: canMutationImpactCurrentStyles@resource://devtools/client/inspector/shared/style-change-tracker.js:83:24
onMutations@resource://devtools/client/inspector/shared/style-change-tracker.js:100:41
emit@resource://devtools/shared/event-emitter.js:190:24
emit@resource://devtools/shared/event-emitter.js:271:18
getMutations/<@resource://devtools/shared/fronts/inspector.js:443:12

console.error: "TypeError: parent is null: canMutationImpactCurrentStyles@resource://devtools/client/inspector/shared/style-change-tracker.js:83:24\nonMutations@resource://devtools/client/inspector/shared/style-change-tracker.js:100:41\nemit@resource://devtools/shared/event-emitter.js:190:24\nemit@resource://devtools/shared/event-emitter.js:271:18\ngetMutations/<@resource://devtools/shared/fronts/inspector.js:443:12\n"
TypeError: parent is null: canMutationImpactCurrentStyles@resource://devtools/client/inspector/shared/style-change-tracker.js:83:24
onMutations@resource://devtools/client/inspector/shared/style-change-tracker.js:100:41
emit@resource://devtools/shared/event-emitter.js:190:24
emit@resource://devtools/shared/event-emitter.js:271:18
getMutations/<@resource://devtools/shared/fronts/inspector.js:443:12

console.error: "TypeError: parent is null: canMutationImpactCurrentStyles@resource://devtools/client/inspector/shared/style-change-tracker.js:83:24\nonMutations@resource://devtools/client/inspector/shared/style-change-tracker.js:100:41\nemit@resource://devtools/shared/event-emitter.js:190:24\nemit@resource://devtools/shared/event-emitter.js:271:18\ngetMutations/<@resource://devtools/shared/fronts/inspector.js:443:12\n"
TypeError: parent is null: canMutationImpactCurrentStyles@resource://devtools/client/inspector/shared/style-change-tracker.js:83:24
onMutations@resource://devtools/client/inspector/shared/style-change-tracker.js:100:41
emit@resource://devtools/shared/event-emitter.js:190:24
emit@resource://devtools/shared/event-emitter.js:271:18
getMutations/<@resource://devtools/shared/fronts/inspector.js:443:12

console.error: "TypeError: parent is null: canMutationImpactCurrentStyles@resource://devtools/client/inspector/shared/style-change-tracker.js:83:24\nonMutations@resource://devtools/client/inspector/shared/style-change-tracker.js:100:41\nemit@resource://devtools/shared/event-emitter.js:190:24\nemit@resource://devtools/shared/event-emitter.js:271:18\ngetMutations/<@resource://devtools/shared/fronts/inspector.js:443:12\n"
TypeError: parent is null: canMutationImpactCurrentStyles@resource://devtools/client/inspector/shared/style-change-tracker.js:83:24
onMutations@resource://devtools/client/inspector/shared/style-change-tracker.js:100:41
emit@resource://devtools/shared/event-emitter.js:190:24
emit@resource://devtools/shared/event-emitter.js:271:18
getMutations/<@resource://devtools/shared/fronts/inspector.js:443:12

console.error: "TypeError: parent is null: canMutationImpactCurrentStyles@resource://devtools/client/inspector/shared/style-change-tracker.js:83:24\nonMutations@resource://devtools/client/inspector/shared/style-change-tracker.js:100:41\nemit@resource://devtools/shared/event-emitter.js:190:24\nemit@resource://devtools/shared/event-emitter.js:271:18\ngetMutations/<@resource://devtools/shared/fronts/inspector.js:443:12\n"
TypeError: parent is null: canMutationImpactCurrentStyles@resource://devtools/client/inspector/shared/style-change-tracker.js:83:24
onMutations@resource://devtools/client/inspector/shared/style-change-tracker.js:100:41
emit@resource://devtools/shared/event-emitter.js:190:24
emit@resource://devtools/shared/event-emitter.js:271:18
getMutations/<@resource://devtools/shared/fronts/inspector.js:443:12

console.error: "TypeError: parent is null: canMutationImpactCurrentStyles@resource://devtools/client/inspector/shared/style-change-tracker.js:83:24\nonMutations@resource://devtools/client/inspector/shared/style-change-tracker.js:100:41\nemit@resource://devtools/shared/event-emitter.js:190:24\nemit@resource://devtools/shared/event-emitter.js:271:18\ngetMutations/<@resource://devtools/shared/fronts/inspector.js:443:12\n"
TypeError: parent is null: canMutationImpactCurrentStyles@resource://devtools/client/inspector/shared/style-change-tracker.js:83:24
onMutations@resource://devtools/client/inspector/shared/style-change-tracker.js:100:41
emit@resource://devtools/shared/event-emitter.js:190:24
emit@resource://devtools/shared/event-emitter.js:271:18
getMutations/<@resource://devtools/shared/fronts/inspector.js:443:12

console.error: "TypeError: parent is null: canMutationImpactCurrentStyles@resource://devtools/client/inspector/shared/style-change-tracker.js:83:24\nonMutations@resource://devtools/client/inspector/shared/style-change-tracker.js:100:41\nemit@resource://devtools/shared/event-emitter.js:190:24\nemit@resource://devtools/shared/event-emitter.js:271:18\ngetMutations/<@resource://devtools/shared/fronts/inspector.js:443:12\n"
TypeError: parent is null: canMutationImpactCurrentStyles@resource://devtools/client/inspector/shared/style-change-tracker.js:83:24
onMutations@resource://devtools/client/inspector/shared/style-change-tracker.js:100:41
emit@resource://devtools/shared/event-emitter.js:190:24
emit@resource://devtools/shared/event-emitter.js:271:18
getMutations/<@resource://devtools/shared/fronts/inspector.js:443:12

console.error: "TypeError: parent is null: canMutationImpactCurrentStyles@resource://devtools/client/inspector/shared/style-change-tracker.js:83:24\nonMutations@resource://devtools/client/inspector/shared/style-change-tracker.js:100:41\nemit@resource://devtools/shared/event-emitter.js:190:24\nemit@resource://devtools/shared/event-emitter.js:271:18\ngetMutations/<@resource://devtools/shared/fronts/inspector.js:443:12\n"
TypeError: parent is null: canMutationImpactCurrentStyles@resource://devtools/client/inspector/shared/style-change-tracker.js:83:24
onMutations@resource://devtools/client/inspector/shared/style-change-tracker.js:100:41
emit@resource://devtools/shared/event-emitter.js:190:24
emit@resource://devtools/shared/event-emitter.js:271:18
getMutations/<@resource://devtools/shared/fronts/inspector.js:443:12

console.error: "TypeError: parent is null: canMutationImpactCurrentStyles@resource://devtools/client/inspector/shared/style-change-tracker.js:83:24\nonMutations@resource://devtools/client/inspector/shared/style-change-tracker.js:100:41\nemit@resource://devtools/shared/event-emitter.js:190:24\nemit@resource://devtools/shared/event-emitter.js:271:18\ngetMutations/<@resource://devtools/shared/fronts/inspector.js:443:12\n"
TypeError: parent is null: canMutationImpactCurrentStyles@resource://devtools/client/inspector/shared/style-change-tracker.js:83:24
onMutations@resource://devtools/client/inspector/shared/style-change-tracker.js:100:41
emit@resource://devtools/shared/event-emitter.js:190:24
emit@resource://devtools/shared/event-emitter.js:271:18
getMutations/<@resource://devtools/shared/fronts/inspector.js:443:12

console.error: "TypeError: parent is null: canMutationImpactCurrentStyles@resource://devtools/client/inspector/shared/style-change-tracker.js:83:24\nonMutations@resource://devtools/client/inspector/shared/style-change-tracker.js:100:41\nemit@resource://devtools/shared/event-emitter.js:190:24\nemit@resource://devtools/shared/event-emitter.js:271:18\ngetMutations/<@resource://devtools/shared/fronts/inspector.js:443:12\n"
TypeError: parent is null: canMutationImpactCurrentStyles@resource://devtools/client/inspector/shared/style-change-tracker.js:83:24
onMutations@resource://devtools/client/inspector/shared/style-change-tracker.js:100:41
emit@resource://devtools/shared/event-emitter.js:190:24
emit@resource://devtools/shared/event-emitter.js:271:18
getMutations/<@resource://devtools/shared/fronts/inspector.js:443:12

console.error: "TypeError: parent is null: canMutationImpactCurrentStyles@resource://devtools/client/inspector/shared/style-change-tracker.js:83:24\nonMutations@resource://devtools/client/inspector/shared/style-change-tracker.js:100:41\nemit@resource://devtools/shared/event-emitter.js:190:24\nemit@resource://devtools/shared/event-emitter.js:271:18\ngetMutations/<@resource://devtools/shared/fronts/inspector.js:443:12\n"
TypeError: parent is null: canMutationImpactCurrentStyles@resource://devtools/client/inspector/shared/style-change-tracker.js:83:24
onMutations@resource://devtools/client/inspector/shared/style-change-tracker.js:100:41
emit@resource://devtools/shared/event-emitter.js:190:24
emit@resource://devtools/shared/event-emitter.js:271:18
getMutations/<@resource://devtools/shared/fronts/inspector.js:443:12

console.error: "TypeError: parent is null: canMutationImpactCurrentStyles@resource://devtools/client/inspector/shared/style-change-tracker.js:83:24\nonMutations@resource://devtools/client/inspector/shared/style-change-tracker.js:100:41\nemit@resource://devtools/shared/event-emitter.js:190:24\nemit@resource://devtools/shared/event-emitter.js:271:18\ngetMutations/<@resource://devtools/shared/fronts/inspector.js:443:12\n"
TypeError: parent is null: canMutationImpactCurrentStyles@resource://devtools/client/inspector/shared/style-change-tracker.js:83:24
onMutations@resource://devtools/client/inspector/shared/style-change-tracker.js:100:41
emit@resource://devtools/shared/event-emitter.js:190:24
emit@resource://devtools/shared/event-emitter.js:271:18
getMutations/<@resource://devtools/shared/fronts/inspector.js:443:12

console.error: "TypeError: parent is null: canMutationImpactCurrentStyles@resource://devtools/client/inspector/shared/style-change-tracker.js:83:24\nonMutations@resource://devtools/client/inspector/shared/style-change-tracker.js:100:41\nemit@resource://devtools/shared/event-emitter.js:190:24\nemit@resource://devtools/shared/event-emitter.js:271:18\ngetMutations/<@resource://devtools/shared/fronts/inspector.js:443:12\n"
TypeError: parent is null: canMutationImpactCurrentStyles@resource://devtools/client/inspector/shared/style-change-tracker.js:83:24
onMutations@resource://devtools/client/inspector/shared/style-change-tracker.js:100:41
emit@resource://devtools/shared/event-emitter.js:190:24
emit@resource://devtools/shared/event-emitter.js:271:18
getMutations/<@resource://devtools/shared/fronts/inspector.js:443:12

1576814107058	mozrunner::runner	INFO	Running command: "/usr/bin/firefox" "-marionette" "-foreground" "-no-remote" "-profile" "/tmp/rust_mozprofile275fmV"
1576814107393	addons.webextension.screenshots@mozilla.org	WARN	Loading extension 'screenshots@mozilla.org': Reading manifest: Invalid extension permission: mozillaAddons
1576814107394	addons.webextension.screenshots@mozilla.org	WARN	Loading extension 'screenshots@mozilla.org': Reading manifest: Invalid extension permission: telemetry
1576814107394	addons.webextension.screenshots@mozilla.org	WARN	Loading extension 'screenshots@mozilla.org': Reading manifest: Invalid extension permission: resource://pdf.js/
1576814107394	addons.webextension.screenshots@mozilla.org	WARN	Loading extension 'screenshots@mozilla.org': Reading manifest: Invalid extension permission: about:reader*
1576814108716	Marionette	INFO	Listening on port 44593
1576814108762	Marionette	WARN	TLS certificate errors will be ignored for this session
JavaScript warning: https://cap.banq.qc.ca/_Incapsula_Resource?SWJIYLWA=719d34d31c8e3a6e6fffd425f7e032f3&ns=3&cb=277474808, line 1: unreachable code after return statement
JavaScript warning: https://cap.banq.qc.ca/_Incapsula_Resource?SWJIYLWA=719d34d31c8e3a6e6fffd425f7e032f3&ns=3&cb=277474808, line 1: unreachable code after return statement
JavaScript warning: https://cap.banq.qc.ca/_Incapsula_Resource?SWJIYLWA=719d34d31c8e3a6e6fffd425f7e032f3&ns=3&cb=277474808 line 1 > eval, line 1: unreachable code after return statement
JavaScript error: https://platform.twitter.com/widgets/widget_iframe.69e02060c7c44baddf1b5629549acc0c.html?origin=https%3A%2F%2Fcap.banq.qc.ca, line 12: Error: Network error.
JavaScript error: https://platform.twitter.com/widgets/widget_iframe.69e02060c7c44baddf1b5629549acc0c.html?origin=https%3A%2F%2Fcap.banq.qc.ca, line 12: Error: Network error.
console.error: "Error while calling actor 'pagestyle's method 'getUsedFontFaces'" ""
console.error: "getUsedFontFaces@resource://devtools/server/actors/styles.js:396:34\nhandler@resource://devtools/shared/protocol/Actor.js:154:37\nonPacket@resource://devtools/server/debugger-server-connection.js:378:58\nreceiveMessage@resource://devtools/shared/transport/child-transport.js:66:16\n"
console.error: "Error while calling actor 'pagestyle's method 'getUsedFontFaces'" ""
console.error: "getUsedFontFaces@resource://devtools/server/actors/styles.js:396:34\nhandler@resource://devtools/shared/protocol/Actor.js:154:37\nonPacket@resource://devtools/server/debugger-server-connection.js:378:58\nreceiveMessage@resource://devtools/shared/transport/child-transport.js:66:16\n"
console.error: "Error while calling actor 'pagestyle's method 'getLayout'" "node is null"
console.error: "getLayout@resource://devtools/server/actors/styles.js:944:5\nhandler@resource://devtools/shared/protocol/Actor.js:154:37\nonPacket@resource://devtools/server/debugger-server-connection.js:378:58\nreceiveMessage@resource://devtools/shared/transport/child-transport.js:66:16\n"
console.error: "Could not get the list of font families" "unknownError"
console.error: "Could not get the list of font families" "unknownError"
console.error: "Protocol error (unknownError): node is null"
[Parent 25180, Gecko_IOThread] WARNING: pipe error (76): Connection reset by peer: file /build/firefox-HwDgAI/firefox-71.0+linuxmint2+tricia/ipc/chromium/src/chrome/common/ipc_channel_posix.cc, line 358
[Parent 25180, Gecko_IOThread] WARNING: pipe error (90): Connection reset by peer: file /build/firefox-HwDgAI/firefox-71.0+linuxmint2+tricia/ipc/chromium/src/chrome/common/ipc_channel_posix.cc, line 358
1576814822047	Marionette	INFO	Stopped listening on port 44593
[Parent 24576, Gecko_IOThread] WARNING: pipe error (76): Connection reset by peer: file /build/firefox-HwDgAI/firefox-71.0+linuxmint2+tricia/ipc/chromium/src/chrome/common/ipc_channel_posix.cc, line 358
[Parent 24576, Gecko_IOThread] WARNING: pipe error (69): Connection reset by peer: file /build/firefox-HwDgAI/firefox-71.0+linuxmint2+tricia/ipc/chromium/src/chrome/common/ipc_channel_posix.cc, line 358
1576814828233	Marionette	INFO	Stopped listening on port 34089
[Parent 23841, Gecko_IOThread] WARNING: pipe error (76): Connection reset by peer: file /build/firefox-HwDgAI/firefox-71.0+linuxmint2+tricia/ipc/chromium/src/chrome/common/ipc_channel_posix.cc, line 358
[Parent 23841, Gecko_IOThread] WARNING: pipe error (104): Connection reset by peer: file /build/firefox-HwDgAI/firefox-71.0+linuxmint2+tricia/ipc/chromium/src/chrome/common/ipc_channel_posix.cc, line 358
1576814832389	Marionette	INFO	Stopped listening on port 43815
1576815163833	mozrunner::runner	INFO	Running command: "/usr/bin/firefox" "-marionette" "-foreground" "-no-remote" "-profile" "/tmp/rust_mozprofilebYO7jr"
1576815164171	addons.webextension.screenshots@mozilla.org	WARN	Loading extension 'screenshots@mozilla.org': Reading manifest: Invalid extension permission: mozillaAddons
1576815164171	addons.webextension.screenshots@mozilla.org	WARN	Loading extension 'screenshots@mozilla.org': Reading manifest: Invalid extension permission: telemetry
1576815164171	addons.webextension.screenshots@mozilla.org	WARN	Loading extension 'screenshots@mozilla.org': Reading manifest: Invalid extension permission: resource://pdf.js/
1576815164172	addons.webextension.screenshots@mozilla.org	WARN	Loading extension 'screenshots@mozilla.org': Reading manifest: Invalid extension permission: about:reader*
1576815165561	Marionette	INFO	Listening on port 34595
1576815165637	Marionette	WARN	TLS certificate errors will be ignored for this session
JavaScript warning: https://cap.banq.qc.ca/_Incapsula_Resource?SWJIYLWA=719d34d31c8e3a6e6fffd425f7e032f3&ns=3&cb=681619947, line 1: unreachable code after return statement
JavaScript warning: https://cap.banq.qc.ca/_Incapsula_Resource?SWJIYLWA=719d34d31c8e3a6e6fffd425f7e032f3&ns=3&cb=681619947, line 1: unreachable code after return statement
JavaScript warning: https://cap.banq.qc.ca/_Incapsula_Resource?SWJIYLWA=719d34d31c8e3a6e6fffd425f7e032f3&ns=3&cb=681619947 line 1 > eval, line 1: unreachable code after return statement
JavaScript error: https://platform.twitter.com/widgets/widget_iframe.69e02060c7c44baddf1b5629549acc0c.html?origin=https%3A%2F%2Fcap.banq.qc.ca, line 12: Error: Network error.
1576815213926	Marionette	INFO	Stopped listening on port 34595
1576815217112	mozrunner::runner	INFO	Running command: "/usr/bin/firefox" "-marionette" "-foreground" "-no-remote" "-profile" "/tmp/rust_mozprofilefQ6ujb"
1576815217440	addons.webextension.screenshots@mozilla.org	WARN	Loading extension 'screenshots@mozilla.org': Reading manifest: Invalid extension permission: mozillaAddons
1576815217440	addons.webextension.screenshots@mozilla.org	WARN	Loading extension 'screenshots@mozilla.org': Reading manifest: Invalid extension permission: telemetry
1576815217440	addons.webextension.screenshots@mozilla.org	WARN	Loading extension 'screenshots@mozilla.org': Reading manifest: Invalid extension permission: resource://pdf.js/
1576815217440	addons.webextension.screenshots@mozilla.org	WARN	Loading extension 'screenshots@mozilla.org': Reading manifest: Invalid extension permission: about:reader*
1576815218694	Marionette	INFO	Listening on port 45473
1576815218718	Marionette	WARN	TLS certificate errors will be ignored for this session
JavaScript warning: https://cap.banq.qc.ca/_Incapsula_Resource?SWJIYLWA=719d34d31c8e3a6e6fffd425f7e032f3&ns=3&cb=859007345, line 1: unreachable code after return statement
JavaScript warning: https://cap.banq.qc.ca/_Incapsula_Resource?SWJIYLWA=719d34d31c8e3a6e6fffd425f7e032f3&ns=3&cb=859007345, line 1: unreachable code after return statement
JavaScript warning: https://cap.banq.qc.ca/_Incapsula_Resource?SWJIYLWA=719d34d31c8e3a6e6fffd425f7e032f3&ns=3&cb=859007345 line 1 > eval, line 1: unreachable code after return statement
JavaScript error: https://platform.twitter.com/widgets/widget_iframe.69e02060c7c44baddf1b5629549acc0c.html?origin=https%3A%2F%2Fcap.banq.qc.ca, line 12: Error: Network error.
1576815249451	Marionette	INFO	Stopped listening on port 45473
1576815378132	mozrunner::runner	INFO	Running command: "/usr/bin/firefox" "-marionette" "-foreground" "-no-remote" "-profile" "/tmp/rust_mozprofile0tvdth"
1576815378461	addons.webextension.screenshots@mozilla.org	WARN	Loading extension 'screenshots@mozilla.org': Reading manifest: Invalid extension permission: mozillaAddons
1576815378461	addons.webextension.screenshots@mozilla.org	WARN	Loading extension 'screenshots@mozilla.org': Reading manifest: Invalid extension permission: telemetry
1576815378461	addons.webextension.screenshots@mozilla.org	WARN	Loading extension 'screenshots@mozilla.org': Reading manifest: Invalid extension permission: resource://pdf.js/
1576815378461	addons.webextension.screenshots@mozilla.org	WARN	Loading extension 'screenshots@mozilla.org': Reading manifest: Invalid extension permission: about:reader*
1576815379702	Marionette	INFO	Listening on port 42763
1576815379737	Marionette	WARN	TLS certificate errors will be ignored for this session
JavaScript warning: https://cap.banq.qc.ca/_Incapsula_Resource?SWJIYLWA=719d34d31c8e3a6e6fffd425f7e032f3&ns=1&cb=1007573746, line 1: unreachable code after return statement
JavaScript warning: https://cap.banq.qc.ca/_Incapsula_Resource?SWJIYLWA=719d34d31c8e3a6e6fffd425f7e032f3&ns=1&cb=1007573746, line 1: unreachable code after return statement
JavaScript warning: https://cap.banq.qc.ca/_Incapsula_Resource?SWJIYLWA=719d34d31c8e3a6e6fffd425f7e032f3&ns=1&cb=1007573746 line 1 > eval, line 1: unreachable code after return statement
JavaScript warning: https://cap.banq.qc.ca/_Incapsula_Resource?SWJIYLWA=719d34d31c8e3a6e6fffd425f7e032f3&ns=7&cb=796942344, line 1: unreachable code after return statement
JavaScript warning: https://cap.banq.qc.ca/_Incapsula_Resource?SWJIYLWA=719d34d31c8e3a6e6fffd425f7e032f3&ns=7&cb=796942344, line 1: unreachable code after return statement
JavaScript warning: https://cap.banq.qc.ca/_Incapsula_Resource?SWJIYLWA=719d34d31c8e3a6e6fffd425f7e032f3&ns=7&cb=796942344 line 1 > eval, line 1: unreachable code after return statement
JavaScript error: https://platform.twitter.com/widgets/widget_iframe.69e02060c7c44baddf1b5629549acc0c.html?origin=https%3A%2F%2Fcap.banq.qc.ca, line 12: Error: Network error.
1576817543285	mozrunner::runner	INFO	Running command: "/usr/bin/firefox" "-marionette" "-foreground" "-no-remote" "-profile" "/tmp/rust_mozprofilewsCekF"
1576817543617	addons.webextension.screenshots@mozilla.org	WARN	Loading extension 'screenshots@mozilla.org': Reading manifest: Invalid extension permission: mozillaAddons
1576817543617	addons.webextension.screenshots@mozilla.org	WARN	Loading extension 'screenshots@mozilla.org': Reading manifest: Invalid extension permission: telemetry
1576817543617	addons.webextension.screenshots@mozilla.org	WARN	Loading extension 'screenshots@mozilla.org': Reading manifest: Invalid extension permission: resource://pdf.js/
1576817543617	addons.webextension.screenshots@mozilla.org	WARN	Loading extension 'screenshots@mozilla.org': Reading manifest: Invalid extension permission: about:reader*
1576817544826	Marionette	INFO	Listening on port 33153
1576817544893	Marionette	WARN	TLS certificate errors will be ignored for this session
JavaScript warning: https://cap.banq.qc.ca/_Incapsula_Resource?SWJIYLWA=719d34d31c8e3a6e6fffd425f7e032f3&ns=2&cb=1663284753, line 1: unreachable code after return statement
JavaScript warning: https://cap.banq.qc.ca/_Incapsula_Resource?SWJIYLWA=719d34d31c8e3a6e6fffd425f7e032f3&ns=2&cb=1663284753, line 1: unreachable code after return statement
JavaScript warning: https://cap.banq.qc.ca/_Incapsula_Resource?SWJIYLWA=719d34d31c8e3a6e6fffd425f7e032f3&ns=2&cb=1663284753 line 1 > eval, line 1: unreachable code after return statement
JavaScript warning: https://cap.banq.qc.ca/_Incapsula_Resource?SWJIYLWA=719d34d31c8e3a6e6fffd425f7e032f3&ns=6&cb=1929476671, line 1: unreachable code after return statement
JavaScript warning: https://cap.banq.qc.ca/_Incapsula_Resource?SWJIYLWA=719d34d31c8e3a6e6fffd425f7e032f3&ns=6&cb=1929476671, line 1: unreachable code after return statement
JavaScript warning: https://cap.banq.qc.ca/_Incapsula_Resource?SWJIYLWA=719d34d31c8e3a6e6fffd425f7e032f3&ns=6&cb=1929476671 line 1 > eval, line 1: unreachable code after return statement
JavaScript error: https://platform.twitter.com/widgets/widget_iframe.69e02060c7c44baddf1b5629549acc0c.html?origin=https%3A%2F%2Fcap.banq.qc.ca, line 12: Error: Network error.
1576817588403	Marionette	INFO	Stopped listening on port 33153
[Parent 26943, Gecko_IOThread] WARNING: pipe error (69): Connection reset by peer: file /build/firefox-HwDgAI/firefox-71.0+linuxmint2+tricia/ipc/chromium/src/chrome/common/ipc_channel_posix.cc, line 358
[Parent 26943, Gecko_IOThread] WARNING: pipe error (76): Connection reset by peer: file /build/firefox-HwDgAI/firefox-71.0+linuxmint2+tricia/ipc/chromium/src/chrome/common/ipc_channel_posix.cc, line 358
1576817593009	Marionette	INFO	Stopped listening on port 42763
1576817594861	mozrunner::runner	INFO	Running command: "/usr/bin/firefox" "-marionette" "-foreground" "-no-remote" "-profile" "/tmp/rust_mozprofileNthXVv"
1576817595194	addons.webextension.screenshots@mozilla.org	WARN	Loading extension 'screenshots@mozilla.org': Reading manifest: Invalid extension permission: mozillaAddons
1576817595194	addons.webextension.screenshots@mozilla.org	WARN	Loading extension 'screenshots@mozilla.org': Reading manifest: Invalid extension permission: telemetry
1576817595194	addons.webextension.screenshots@mozilla.org	WARN	Loading extension 'screenshots@mozilla.org': Reading manifest: Invalid extension permission: resource://pdf.js/
1576817595194	addons.webextension.screenshots@mozilla.org	WARN	Loading extension 'screenshots@mozilla.org': Reading manifest: Invalid extension permission: about:reader*
1576817596489	Marionette	INFO	Listening on port 34817
1576817596565	Marionette	WARN	TLS certificate errors will be ignored for this session
JavaScript warning: https://cap.banq.qc.ca/_Incapsula_Resource?SWJIYLWA=719d34d31c8e3a6e6fffd425f7e032f3&ns=5&cb=1608707783, line 1: unreachable code after return statement
JavaScript warning: https://cap.banq.qc.ca/_Incapsula_Resource?SWJIYLWA=719d34d31c8e3a6e6fffd425f7e032f3&ns=5&cb=1608707783, line 1: unreachable code after return statement
JavaScript warning: https://cap.banq.qc.ca/_Incapsula_Resource?SWJIYLWA=719d34d31c8e3a6e6fffd425f7e032f3&ns=5&cb=1608707783 line 1 > eval, line 1: unreachable code after return statement
JavaScript error: https://platform.twitter.com/widgets/widget_iframe.69e02060c7c44baddf1b5629549acc0c.html?origin=https%3A%2F%2Fcap.banq.qc.ca, line 12: Error: Network error.
console.error: "Error while calling actor 'pagestyle's method 'getLayout'" "node is null"
console.error: "getLayout@resource://devtools/server/actors/styles.js:944:5\nhandler@resource://devtools/shared/protocol/Actor.js:154:37\nonPacket@resource://devtools/server/debugger-server-connection.js:378:58\nreceiveMessage@resource://devtools/shared/transport/child-transport.js:66:16\n"
console.error: "Protocol error (unknownError): node is null"
SourceActor threw an exception: Error: Failed to fetch https://platform.twitter.com/widgets/widget_iframe.69e02060c7c44baddf1b5629549acc0c.html?origin=https%3A%2F%2Fcap.banq.qc.ca. Code 2152398878.
Stack: onResponse@resource://devtools/shared/DevToolsUtils.js:568:16
onStopRequest@resource://gre/modules/NetUtil.jsm:128:18
Line: 568, column: 16
console.error: (new Error("Failed to fetch https://platform.twitter.com/widgets/widget_iframe.69e02060c7c44baddf1b5629549acc0c.html?origin=https%3A%2F%2Fcap.banq.qc.ca. Code 2152398878.", "resource://devtools/shared/DevToolsUtils.js", 568))
JavaScript error: resource://devtools/shared/DevToolsUtils.js, line 568: Error: Failed to fetch https://platform.twitter.com/widgets/widget_iframe.69e02060c7c44baddf1b5629549acc0c.html?origin=https%3A%2F%2Fcap.banq.qc.ca. Code 2152398878.
JavaScript error: resource://devtools/server/actors/highlighters.js, line 767: NS_ERROR_ILLEGAL_VALUE: Component returned failure code: 0x80070057 (NS_ERROR_ILLEGAL_VALUE) [nsIXPCComponents_Utils.isDeadWrapper]
JavaScript error: resource://devtools/server/actors/highlighters/utils/markup.js, line 259: TypeError: this.highlighterEnv is null
[Parent 29409, Gecko_IOThread] WARNING: pipe error (76): Connection reset by peer: file /build/firefox-HwDgAI/firefox-71.0+linuxmint2+tricia/ipc/chromium/src/chrome/common/ipc_channel_posix.cc, line 358
[Parent 29409, Gecko_IOThread] WARNING: pipe error (107): Connection reset by peer: file /build/firefox-HwDgAI/firefox-71.0+linuxmint2+tricia/ipc/chromium/src/chrome/common/ipc_channel_posix.cc, line 358
1576817778090	Marionette	INFO	Stopped listening on port 34817
1576818202273	mozrunner::runner	INFO	Running command: "/usr/bin/firefox" "-marionette" "-foreground" "-no-remote" "-profile" "/tmp/rust_mozprofileYCjgCm"
1576818202609	addons.webextension.screenshots@mozilla.org	WARN	Loading extension 'screenshots@mozilla.org': Reading manifest: Invalid extension permission: mozillaAddons
1576818202609	addons.webextension.screenshots@mozilla.org	WARN	Loading extension 'screenshots@mozilla.org': Reading manifest: Invalid extension permission: telemetry
1576818202609	addons.webextension.screenshots@mozilla.org	WARN	Loading extension 'screenshots@mozilla.org': Reading manifest: Invalid extension permission: resource://pdf.js/
1576818202610	addons.webextension.screenshots@mozilla.org	WARN	Loading extension 'screenshots@mozilla.org': Reading manifest: Invalid extension permission: about:reader*
1576818203914	Marionette	INFO	Listening on port 43077
1576818203980	Marionette	WARN	TLS certificate errors will be ignored for this session
JavaScript warning: https://cap.banq.qc.ca/_Incapsula_Resource?SWJIYLWA=719d34d31c8e3a6e6fffd425f7e032f3&ns=5&cb=904569497, line 1: unreachable code after return statement
JavaScript warning: https://cap.banq.qc.ca/_Incapsula_Resource?SWJIYLWA=719d34d31c8e3a6e6fffd425f7e032f3&ns=5&cb=904569497, line 1: unreachable code after return statement
JavaScript warning: https://cap.banq.qc.ca/_Incapsula_Resource?SWJIYLWA=719d34d31c8e3a6e6fffd425f7e032f3&ns=5&cb=904569497 line 1 > eval, line 1: unreachable code after return statement
JavaScript error: https://platform.twitter.com/widgets/widget_iframe.69e02060c7c44baddf1b5629549acc0c.html?origin=https%3A%2F%2Fcap.banq.qc.ca, line 12: Error: Network error.
1576818248849	mozrunner::runner	INFO	Running command: "/usr/bin/firefox" "-marionette" "-foreground" "-no-remote" "-profile" "/tmp/rust_mozprofileDHFMfp"
1576818249179	addons.webextension.screenshots@mozilla.org	WARN	Loading extension 'screenshots@mozilla.org': Reading manifest: Invalid extension permission: mozillaAddons
1576818249179	addons.webextension.screenshots@mozilla.org	WARN	Loading extension 'screenshots@mozilla.org': Reading manifest: Invalid extension permission: telemetry
1576818249180	addons.webextension.screenshots@mozilla.org	WARN	Loading extension 'screenshots@mozilla.org': Reading manifest: Invalid extension permission: resource://pdf.js/
1576818249180	addons.webextension.screenshots@mozilla.org	WARN	Loading extension 'screenshots@mozilla.org': Reading manifest: Invalid extension permission: about:reader*
1576818250365	Marionette	INFO	Listening on port 46447
1576818250453	Marionette	WARN	TLS certificate errors will be ignored for this session
JavaScript warning: https://cap.banq.qc.ca/_Incapsula_Resource?SWJIYLWA=719d34d31c8e3a6e6fffd425f7e032f3&ns=5&cb=892325803, line 1: unreachable code after return statement
JavaScript warning: https://cap.banq.qc.ca/_Incapsula_Resource?SWJIYLWA=719d34d31c8e3a6e6fffd425f7e032f3&ns=5&cb=892325803, line 1: unreachable code after return statement
JavaScript warning: https://cap.banq.qc.ca/_Incapsula_Resource?SWJIYLWA=719d34d31c8e3a6e6fffd425f7e032f3&ns=5&cb=892325803 line 1 > eval, line 1: unreachable code after return statement
1576818406026	mozrunner::runner	INFO	Running command: "/usr/bin/firefox" "-marionette" "-foreground" "-no-remote" "-profile" "/tmp/rust_mozprofilewciDLj"
1576818406364	addons.webextension.screenshots@mozilla.org	WARN	Loading extension 'screenshots@mozilla.org': Reading manifest: Invalid extension permission: mozillaAddons
1576818406364	addons.webextension.screenshots@mozilla.org	WARN	Loading extension 'screenshots@mozilla.org': Reading manifest: Invalid extension permission: telemetry
1576818406364	addons.webextension.screenshots@mozilla.org	WARN	Loading extension 'screenshots@mozilla.org': Reading manifest: Invalid extension permission: resource://pdf.js/
1576818406364	addons.webextension.screenshots@mozilla.org	WARN	Loading extension 'screenshots@mozilla.org': Reading manifest: Invalid extension permission: about:reader*
1576818407599	Marionette	INFO	Listening on port 37613
1576818407631	Marionette	WARN	TLS certificate errors will be ignored for this session
JavaScript warning: https://cap.banq.qc.ca/_Incapsula_Resource?SWJIYLWA=719d34d31c8e3a6e6fffd425f7e032f3&ns=2&cb=419101416, line 1: unreachable code after return statement
JavaScript warning: https://cap.banq.qc.ca/_Incapsula_Resource?SWJIYLWA=719d34d31c8e3a6e6fffd425f7e032f3&ns=2&cb=419101416, line 1: unreachable code after return statement
JavaScript warning: https://cap.banq.qc.ca/_Incapsula_Resource?SWJIYLWA=719d34d31c8e3a6e6fffd425f7e032f3&ns=2&cb=419101416 line 1 > eval, line 1: unreachable code after return statement
JavaScript error: https://platform.twitter.com/widgets/widget_iframe.69e02060c7c44baddf1b5629549acc0c.html?origin=https%3A%2F%2Fcap.banq.qc.ca, line 12: Error: Network error.
1576818456416	mozrunner::runner	INFO	Running command: "/usr/bin/firefox" "-marionette" "-foreground" "-no-remote" "-profile" "/tmp/rust_mozprofileKtn3YN"
1576818456745	addons.webextension.screenshots@mozilla.org	WARN	Loading extension 'screenshots@mozilla.org': Reading manifest: Invalid extension permission: mozillaAddons
1576818456745	addons.webextension.screenshots@mozilla.org	WARN	Loading extension 'screenshots@mozilla.org': Reading manifest: Invalid extension permission: telemetry
1576818456745	addons.webextension.screenshots@mozilla.org	WARN	Loading extension 'screenshots@mozilla.org': Reading manifest: Invalid extension permission: resource://pdf.js/
1576818456745	addons.webextension.screenshots@mozilla.org	WARN	Loading extension 'screenshots@mozilla.org': Reading manifest: Invalid extension permission: about:reader*
1576818457993	Marionette	INFO	Listening on port 34415
1576818458032	Marionette	WARN	TLS certificate errors will be ignored for this session
JavaScript warning: https://cap.banq.qc.ca/_Incapsula_Resource?SWJIYLWA=719d34d31c8e3a6e6fffd425f7e032f3&ns=5&cb=1015343313, line 1: unreachable code after return statement
JavaScript warning: https://cap.banq.qc.ca/_Incapsula_Resource?SWJIYLWA=719d34d31c8e3a6e6fffd425f7e032f3&ns=5&cb=1015343313, line 1: unreachable code after return statement
JavaScript warning: https://cap.banq.qc.ca/_Incapsula_Resource?SWJIYLWA=719d34d31c8e3a6e6fffd425f7e032f3&ns=5&cb=1015343313 line 1 > eval, line 1: unreachable code after return statement
JavaScript error: https://platform.twitter.com/widgets/widget_iframe.69e02060c7c44baddf1b5629549acc0c.html?origin=https%3A%2F%2Fcap.banq.qc.ca, line 12: Error: Network error.
1576818496668	mozrunner::runner	INFO	Running command: "/usr/bin/firefox" "-marionette" "-foreground" "-no-remote" "-profile" "/tmp/rust_mozprofiled9iRrY"
1576818497001	addons.webextension.screenshots@mozilla.org	WARN	Loading extension 'screenshots@mozilla.org': Reading manifest: Invalid extension permission: mozillaAddons
1576818497001	addons.webextension.screenshots@mozilla.org	WARN	Loading extension 'screenshots@mozilla.org': Reading manifest: Invalid extension permission: telemetry
1576818497001	addons.webextension.screenshots@mozilla.org	WARN	Loading extension 'screenshots@mozilla.org': Reading manifest: Invalid extension permission: resource://pdf.js/
1576818497002	addons.webextension.screenshots@mozilla.org	WARN	Loading extension 'screenshots@mozilla.org': Reading manifest: Invalid extension permission: about:reader*
1576818498440	Marionette	INFO	Listening on port 39173
1576818498473	Marionette	WARN	TLS certificate errors will be ignored for this session
JavaScript warning: https://cap.banq.qc.ca/_Incapsula_Resource?SWJIYLWA=719d34d31c8e3a6e6fffd425f7e032f3&ns=2&cb=1886366894, line 1: unreachable code after return statement
JavaScript warning: https://cap.banq.qc.ca/_Incapsula_Resource?SWJIYLWA=719d34d31c8e3a6e6fffd425f7e032f3&ns=2&cb=1886366894, line 1: unreachable code after return statement
JavaScript warning: https://cap.banq.qc.ca/_Incapsula_Resource?SWJIYLWA=719d34d31c8e3a6e6fffd425f7e032f3&ns=2&cb=1886366894 line 1 > eval, line 1: unreachable code after return statement
JavaScript error: https://platform.twitter.com/widgets/widget_iframe.69e02060c7c44baddf1b5629549acc0c.html?origin=https%3A%2F%2Fcap.banq.qc.ca, line 12: Error: Network error.
1576818547665	mozrunner::runner	INFO	Running command: "/usr/bin/firefox" "-marionette" "-foreground" "-no-remote" "-profile" "/tmp/rust_mozprofilehchcwi"
1576818548009	addons.webextension.screenshots@mozilla.org	WARN	Loading extension 'screenshots@mozilla.org': Reading manifest: Invalid extension permission: mozillaAddons
1576818548009	addons.webextension.screenshots@mozilla.org	WARN	Loading extension 'screenshots@mozilla.org': Reading manifest: Invalid extension permission: telemetry
1576818548010	addons.webextension.screenshots@mozilla.org	WARN	Loading extension 'screenshots@mozilla.org': Reading manifest: Invalid extension permission: resource://pdf.js/
1576818548010	addons.webextension.screenshots@mozilla.org	WARN	Loading extension 'screenshots@mozilla.org': Reading manifest: Invalid extension permission: about:reader*
1576818549277	Marionette	INFO	Listening on port 46609
1576818549373	Marionette	WARN	TLS certificate errors will be ignored for this session
JavaScript warning: https://cap.banq.qc.ca/_Incapsula_Resource?SWJIYLWA=719d34d31c8e3a6e6fffd425f7e032f3&ns=5&cb=1921607130, line 1: unreachable code after return statement
JavaScript warning: https://cap.banq.qc.ca/_Incapsula_Resource?SWJIYLWA=719d34d31c8e3a6e6fffd425f7e032f3&ns=5&cb=1921607130, line 1: unreachable code after return statement
JavaScript warning: https://cap.banq.qc.ca/_Incapsula_Resource?SWJIYLWA=719d34d31c8e3a6e6fffd425f7e032f3&ns=5&cb=1921607130 line 1 > eval, line 1: unreachable code after return statement
JavaScript error: https://platform.twitter.com/widgets/widget_iframe.69e02060c7c44baddf1b5629549acc0c.html?origin=https%3A%2F%2Fcap.banq.qc.ca, line 12: Error: Network error.
1576818609914	mozrunner::runner	INFO	Running command: "/usr/bin/firefox" "-marionette" "-foreground" "-no-remote" "-profile" "/tmp/rust_mozprofile4oQTWc"
1576818610242	addons.webextension.screenshots@mozilla.org	WARN	Loading extension 'screenshots@mozilla.org': Reading manifest: Invalid extension permission: mozillaAddons
1576818610243	addons.webextension.screenshots@mozilla.org	WARN	Loading extension 'screenshots@mozilla.org': Reading manifest: Invalid extension permission: telemetry
1576818610243	addons.webextension.screenshots@mozilla.org	WARN	Loading extension 'screenshots@mozilla.org': Reading manifest: Invalid extension permission: resource://pdf.js/
1576818610243	addons.webextension.screenshots@mozilla.org	WARN	Loading extension 'screenshots@mozilla.org': Reading manifest: Invalid extension permission: about:reader*
1576818611561	Marionette	INFO	Listening on port 43581
1576818611618	Marionette	WARN	TLS certificate errors will be ignored for this session
JavaScript warning: https://cap.banq.qc.ca/_Incapsula_Resource?SWJIYLWA=719d34d31c8e3a6e6fffd425f7e032f3&ns=5&cb=684589350, line 1: unreachable code after return statement
JavaScript warning: https://cap.banq.qc.ca/_Incapsula_Resource?SWJIYLWA=719d34d31c8e3a6e6fffd425f7e032f3&ns=5&cb=684589350, line 1: unreachable code after return statement
JavaScript warning: https://cap.banq.qc.ca/_Incapsula_Resource?SWJIYLWA=719d34d31c8e3a6e6fffd425f7e032f3&ns=5&cb=684589350 line 1 > eval, line 1: unreachable code after return statement
JavaScript error: https://platform.twitter.com/widgets/widget_iframe.69e02060c7c44baddf1b5629549acc0c.html?origin=https%3A%2F%2Fcap.banq.qc.ca, line 12: Error: Network error.
1576818642684	Marionette	INFO	Stopped listening on port 43581
[Parent 32398, Gecko_IOThread] WARNING: pipe error (76): Connection reset by peer: file /build/firefox-HwDgAI/firefox-71.0+linuxmint2+tricia/ipc/chromium/src/chrome/common/ipc_channel_posix.cc, line 358
[Parent 32398, Gecko_IOThread] WARNING: pipe error (90): Connection reset by peer: file /build/firefox-HwDgAI/firefox-71.0+linuxmint2+tricia/ipc/chromium/src/chrome/common/ipc_channel_posix.cc, line 358
1576818644640	Marionette	INFO	Stopped listening on port 46609
[Parent 31744, Gecko_IOThread] WARNING: pipe error (82): Connection reset by peer: file /build/firefox-HwDgAI/firefox-71.0+linuxmint2+tricia/ipc/chromium/src/chrome/common/ipc_channel_posix.cc, line 358
[Parent 31744, Gecko_IOThread] WARNING: pipe error (76): Connection reset by peer: file /build/firefox-HwDgAI/firefox-71.0+linuxmint2+tricia/ipc/chromium/src/chrome/common/ipc_channel_posix.cc, line 358
1576818650188	Marionette	INFO	Stopped listening on port 39173
[Parent 31502, Gecko_IOThread] WARNING: pipe error (84): Connection reset by peer: file /build/firefox-HwDgAI/firefox-71.0+linuxmint2+tricia/ipc/chromium/src/chrome/common/ipc_channel_posix.cc, line 358
[Parent 31502, Gecko_IOThread] WARNING: pipe error (76): Connection reset by peer: file /build/firefox-HwDgAI/firefox-71.0+linuxmint2+tricia/ipc/chromium/src/chrome/common/ipc_channel_posix.cc, line 358
1576818653493	Marionette	INFO	Stopped listening on port 34415
[Parent 31268, Gecko_IOThread] WARNING: pipe error (90): Connection reset by peer: file /build/firefox-HwDgAI/firefox-71.0+linuxmint2+tricia/ipc/chromium/src/chrome/common/ipc_channel_posix.cc, line 358
[Parent 31268, Gecko_IOThread] WARNING: pipe error (76): Connection reset by peer: file /build/firefox-HwDgAI/firefox-71.0+linuxmint2+tricia/ipc/chromium/src/chrome/common/ipc_channel_posix.cc, line 358
1576818655888	Marionette	INFO	Stopped listening on port 37613
[Parent 30677, Gecko_IOThread] WARNING: pipe error (76): Connection reset by peer: file /build/firefox-HwDgAI/firefox-71.0+linuxmint2+tricia/ipc/chromium/src/chrome/common/ipc_channel_posix.cc, line 358
[Parent 30677, Gecko_IOThread] WARNING: pipe error (107): Connection reset by peer: file /build/firefox-HwDgAI/firefox-71.0+linuxmint2+tricia/ipc/chromium/src/chrome/common/ipc_channel_posix.cc, line 358
1576818662298	Marionette	INFO	Stopped listening on port 43077
1576818788978	mozrunner::runner	INFO	Running command: "/usr/bin/firefox" "-marionette" "-foreground" "-no-remote" "-profile" "/tmp/rust_mozprofile5NDZ80"
1576818789316	addons.webextension.screenshots@mozilla.org	WARN	Loading extension 'screenshots@mozilla.org': Reading manifest: Invalid extension permission: mozillaAddons
1576818789317	addons.webextension.screenshots@mozilla.org	WARN	Loading extension 'screenshots@mozilla.org': Reading manifest: Invalid extension permission: telemetry
1576818789317	addons.webextension.screenshots@mozilla.org	WARN	Loading extension 'screenshots@mozilla.org': Reading manifest: Invalid extension permission: resource://pdf.js/
1576818789317	addons.webextension.screenshots@mozilla.org	WARN	Loading extension 'screenshots@mozilla.org': Reading manifest: Invalid extension permission: about:reader*
1576818790747	Marionette	INFO	Listening on port 44975
1576818790782	Marionette	WARN	TLS certificate errors will be ignored for this session
JavaScript warning: https://cap.banq.qc.ca/_Incapsula_Resource?SWJIYLWA=719d34d31c8e3a6e6fffd425f7e032f3&ns=5&cb=1466000051, line 1: unreachable code after return statement
JavaScript warning: https://cap.banq.qc.ca/_Incapsula_Resource?SWJIYLWA=719d34d31c8e3a6e6fffd425f7e032f3&ns=5&cb=1466000051, line 1: unreachable code after return statement
JavaScript warning: https://cap.banq.qc.ca/_Incapsula_Resource?SWJIYLWA=719d34d31c8e3a6e6fffd425f7e032f3&ns=5&cb=1466000051 line 1 > eval, line 1: unreachable code after return statement
JavaScript error: https://platform.twitter.com/widgets/widget_iframe.69e02060c7c44baddf1b5629549acc0c.html?origin=https%3A%2F%2Fcap.banq.qc.ca, line 12: Error: Network error.
1576818836626	mozrunner::runner	INFO	Running command: "/usr/bin/firefox" "-marionette" "-foreground" "-no-remote" "-profile" "/tmp/rust_mozprofileks68jK"
1576818836972	addons.webextension.screenshots@mozilla.org	WARN	Loading extension 'screenshots@mozilla.org': Reading manifest: Invalid extension permission: mozillaAddons
1576818836973	addons.webextension.screenshots@mozilla.org	WARN	Loading extension 'screenshots@mozilla.org': Reading manifest: Invalid extension permission: telemetry
1576818836973	addons.webextension.screenshots@mozilla.org	WARN	Loading extension 'screenshots@mozilla.org': Reading manifest: Invalid extension permission: resource://pdf.js/
1576818836973	addons.webextension.screenshots@mozilla.org	WARN	Loading extension 'screenshots@mozilla.org': Reading manifest: Invalid extension permission: about:reader*
1576818838245	Marionette	INFO	Listening on port 40435
1576818838334	Marionette	WARN	TLS certificate errors will be ignored for this session
JavaScript warning: https://cap.banq.qc.ca/_Incapsula_Resource?SWJIYLWA=719d34d31c8e3a6e6fffd425f7e032f3&ns=2&cb=2005675358, line 1: unreachable code after return statement
JavaScript warning: https://cap.banq.qc.ca/_Incapsula_Resource?SWJIYLWA=719d34d31c8e3a6e6fffd425f7e032f3&ns=2&cb=2005675358, line 1: unreachable code after return statement
JavaScript warning: https://cap.banq.qc.ca/_Incapsula_Resource?SWJIYLWA=719d34d31c8e3a6e6fffd425f7e032f3&ns=2&cb=2005675358 line 1 > eval, line 1: unreachable code after return statement
JavaScript error: https://platform.twitter.com/widgets/widget_iframe.69e02060c7c44baddf1b5629549acc0c.html?origin=https%3A%2F%2Fcap.banq.qc.ca, line 12: Error: Network error.
1576818903785	mozrunner::runner	INFO	Running command: "/usr/bin/firefox" "-marionette" "-foreground" "-no-remote" "-profile" "/tmp/rust_mozprofileJCDc06"
1576818904129	addons.webextension.screenshots@mozilla.org	WARN	Loading extension 'screenshots@mozilla.org': Reading manifest: Invalid extension permission: mozillaAddons
1576818904129	addons.webextension.screenshots@mozilla.org	WARN	Loading extension 'screenshots@mozilla.org': Reading manifest: Invalid extension permission: telemetry
1576818904129	addons.webextension.screenshots@mozilla.org	WARN	Loading extension 'screenshots@mozilla.org': Reading manifest: Invalid extension permission: resource://pdf.js/
1576818904129	addons.webextension.screenshots@mozilla.org	WARN	Loading extension 'screenshots@mozilla.org': Reading manifest: Invalid extension permission: about:reader*
1576818905371	Marionette	INFO	Listening on port 40547
1576818905395	Marionette	WARN	TLS certificate errors will be ignored for this session
JavaScript warning: https://cap.banq.qc.ca/_Incapsula_Resource?SWJIYLWA=719d34d31c8e3a6e6fffd425f7e032f3&ns=5&cb=925822391, line 1: unreachable code after return statement
JavaScript warning: https://cap.banq.qc.ca/_Incapsula_Resource?SWJIYLWA=719d34d31c8e3a6e6fffd425f7e032f3&ns=5&cb=925822391, line 1: unreachable code after return statement
JavaScript warning: https://cap.banq.qc.ca/_Incapsula_Resource?SWJIYLWA=719d34d31c8e3a6e6fffd425f7e032f3&ns=5&cb=925822391 line 1 > eval, line 1: unreachable code after return statement
Exiting due to channel error.
Exiting due to channel error.
Exiting due to channel error.
[Parent 806, Gecko_IOThread] WARNING: pipe error (76): Connection reset by peer: file /build/firefox-HwDgAI/firefox-71.0+linuxmint2+tricia/ipc/chromium/src/chrome/common/ipc_channel_posix.cc, line 358
[Parent 806, Gecko_IOThread] WARNING: pipe error (90): Connection reset by peer: file /build/firefox-HwDgAI/firefox-71.0+linuxmint2+tricia/ipc/chromium/src/chrome/common/ipc_channel_posix.cc, line 358
1576818963637	Marionette	INFO	Stopped listening on port 40435
[Parent 568, Gecko_IOThread] WARNING: pipe error (76): Connection reset by peer: file /build/firefox-HwDgAI/firefox-71.0+linuxmint2+tricia/ipc/chromium/src/chrome/common/ipc_channel_posix.cc, line 358
[Parent 568, Gecko_IOThread] WARNING: pipe error (111): Connection reset by peer: file /build/firefox-HwDgAI/firefox-71.0+linuxmint2+tricia/ipc/chromium/src/chrome/common/ipc_channel_posix.cc, line 358
1576818966637	Marionette	INFO	Stopped listening on port 44975
1576818976983	mozrunner::runner	INFO	Running command: "/usr/bin/firefox" "-marionette" "-foreground" "-no-remote" "-profile" "/tmp/rust_mozprofile2TbO1f"
1576818977319	addons.webextension.screenshots@mozilla.org	WARN	Loading extension 'screenshots@mozilla.org': Reading manifest: Invalid extension permission: mozillaAddons
1576818977320	addons.webextension.screenshots@mozilla.org	WARN	Loading extension 'screenshots@mozilla.org': Reading manifest: Invalid extension permission: telemetry
1576818977320	addons.webextension.screenshots@mozilla.org	WARN	Loading extension 'screenshots@mozilla.org': Reading manifest: Invalid extension permission: resource://pdf.js/
1576818977320	addons.webextension.screenshots@mozilla.org	WARN	Loading extension 'screenshots@mozilla.org': Reading manifest: Invalid extension permission: about:reader*
1576818978814	Marionette	INFO	Listening on port 42757
1576818978889	Marionette	WARN	TLS certificate errors will be ignored for this session
JavaScript warning: https://cap.banq.qc.ca/_Incapsula_Resource?SWJIYLWA=719d34d31c8e3a6e6fffd425f7e032f3&ns=2&cb=1750718001, line 1: unreachable code after return statement
JavaScript warning: https://cap.banq.qc.ca/_Incapsula_Resource?SWJIYLWA=719d34d31c8e3a6e6fffd425f7e032f3&ns=2&cb=1750718001, line 1: unreachable code after return statement
JavaScript warning: https://cap.banq.qc.ca/_Incapsula_Resource?SWJIYLWA=719d34d31c8e3a6e6fffd425f7e032f3&ns=2&cb=1750718001 line 1 > eval, line 1: unreachable code after return statement
